TN:
SF:/Users/Oyebola/Desktop/my-diary/server/controllers/db.js
FNF:0
FNH:0
DA:1,1
DA:2,1
DA:4,1
LF:3
LH:3
BRF:0
BRH:0
end_of_record
TN:
SF:/Users/Oyebola/Desktop/my-diary/server/controllers/server.js
FN:20,(anonymous_1)
FNF:1
FNH:1
FNDA:1,(anonymous_1)
DA:1,1
DA:2,1
DA:3,1
DA:4,1
DA:5,1
DA:7,1
DA:8,1
DA:9,1
DA:10,1
DA:11,1
DA:12,1
DA:15,1
DA:16,1
DA:17,1
DA:18,1
DA:20,1
DA:21,1
LF:17
LH:17
BRDA:7,0,0,1
BRDA:7,0,1,1
BRF:2
BRH:2
end_of_record
TN:
SF:/Users/Oyebola/Desktop/my-diary/server/helpers/auxiliary.js
FN:3,getTheDate
FN:12,checkOwner
FN:25,validate
FNF:3
FNH:3
FNDA:2,getTheDate
FNDA:1,checkOwner
FNDA:2,validate
DA:3,1
DA:4,2
DA:5,2
DA:6,2
DA:7,2
DA:8,2
DA:12,1
DA:13,1
DA:14,1
DA:15,1
DA:16,1
DA:17,1
DA:18,1
DA:19,1
DA:22,1
DA:25,1
DA:26,2
DA:27,2
DA:28,2
DA:29,6
DA:30,0
DA:31,0
DA:34,2
LF:23
LH:21
BRDA:16,0,0,1
BRDA:16,0,1,0
BRDA:29,1,0,0
BRDA:29,1,1,6
BRDA:29,2,0,6
BRDA:29,2,1,6
BRDA:29,2,2,6
BRF:7
BRH:5
end_of_record
TN:
SF:/Users/Oyebola/Desktop/my-diary/server/models/apiMiddleware.js
FN:9,postEntries
FN:11,(anonymous_5)
FN:27,(anonymous_6)
FN:41,getEntries
FN:43,(anonymous_8)
FN:54,(anonymous_9)
FN:82,modifyEntries
FN:84,(anonymous_11)
FN:100,(anonymous_12)
FN:111,(anonymous_13)
FNF:10
FNH:10
FNDA:1,postEntries
FNDA:1,(anonymous_5)
FNDA:1,(anonymous_6)
FNDA:2,getEntries
FNDA:2,(anonymous_8)
FNDA:2,(anonymous_9)
FNDA:1,modifyEntries
FNDA:1,(anonymous_11)
FNDA:1,(anonymous_12)
FNDA:1,(anonymous_13)
DA:1,1
DA:2,1
DA:3,1
DA:4,1
DA:9,1
DA:11,1
DA:12,1
DA:13,0
DA:14,2
DA:16,1
DA:17,1
DA:18,1
DA:19,1
DA:20,0
DA:22,1
DA:24,1
DA:27,1
DA:28,1
DA:29,0
DA:31,1
DA:41,1
DA:43,2
DA:44,2
DA:45,0
DA:48,2
DA:49,2
DA:51,2
DA:54,2
DA:55,2
DA:56,2
DA:59,2
DA:61,1
DA:62,0
DA:64,1
DA:66,3
DA:68,1
DA:69,1
DA:70,1
DA:72,0
DA:82,1
DA:84,1
DA:85,1
DA:86,0
DA:87,2
DA:89,1
DA:90,1
DA:91,1
DA:92,1
DA:94,1
DA:95,1
DA:96,0
DA:99,1
DA:100,1
DA:101,1
DA:104,1
DA:105,0
DA:108,1
DA:110,1
DA:111,1
DA:112,1
DA:113,1
DA:117,0
LF:62
LH:52
BRDA:12,0,0,0
BRDA:12,0,1,1
BRDA:19,1,0,0
BRDA:19,1,1,1
BRDA:28,2,0,0
BRDA:28,2,1,1
BRDA:44,3,0,0
BRDA:44,3,1,2
BRDA:55,4,0,0
BRDA:55,4,1,2
BRDA:59,5,0,1
BRDA:59,5,1,1
BRDA:61,6,0,0
BRDA:61,6,1,1
BRDA:69,7,0,1
BRDA:69,7,1,0
BRDA:85,8,0,0
BRDA:85,8,1,1
BRDA:95,9,0,0
BRDA:95,9,1,1
BRDA:101,10,0,0
BRDA:101,10,1,1
BRDA:104,11,0,0
BRDA:104,11,1,1
BRDA:108,12,0,1
BRDA:108,12,1,0
BRDA:112,13,0,0
BRDA:112,13,1,1
BRF:28
BRH:15
end_of_record
TN:
SF:/Users/Oyebola/Desktop/my-diary/server/models/authMiddleware.js
FN:7,validateUser
FN:19,(anonymous_2)
FN:37,sendJWT
FN:42,(anonymous_4)
FN:49,userExists
FN:61,(anonymous_6)
FN:77,createUser
FN:82,(anonymous_8)
FN:92,verifyToken
FNF:9
FNH:1
FNDA:0,validateUser
FNDA:0,(anonymous_2)
FNDA:0,sendJWT
FNDA:0,(anonymous_4)
FNDA:0,userExists
FNDA:0,(anonymous_6)
FNDA:0,createUser
FNDA:0,(anonymous_8)
FNDA:4,verifyToken
DA:1,1
DA:2,1
DA:3,1
DA:4,1
DA:7,1
DA:8,0
DA:11,0
DA:12,0
DA:13,0
DA:14,0
DA:17,0
DA:19,0
DA:20,0
DA:21,0
DA:24,0
DA:25,0
DA:28,0
DA:29,0
DA:37,1
DA:39,0
DA:42,0
DA:43,0
DA:49,1
DA:50,0
DA:51,0
DA:54,0
DA:55,0
DA:56,0
DA:57,0
DA:58,0
DA:61,0
DA:62,0
DA:65,0
DA:66,0
DA:67,0
DA:69,0
DA:77,1
DA:78,0
DA:79,0
DA:82,0
DA:83,0
DA:84,0
DA:86,0
DA:92,1
DA:94,4
DA:97,4
DA:99,4
DA:100,4
DA:102,0
LF:49
LH:13
BRDA:13,0,0,0
BRDA:13,0,1,0
BRDA:13,1,0,0
BRDA:13,1,1,0
BRDA:20,2,0,0
BRDA:20,2,1,0
BRDA:24,3,0,0
BRDA:24,3,1,0
BRDA:57,4,0,0
BRDA:57,4,1,0
BRDA:57,5,0,0
BRDA:57,5,1,0
BRDA:57,5,2,0
BRDA:62,6,0,0
BRDA:62,6,1,0
BRDA:66,7,0,0
BRDA:66,7,1,0
BRDA:83,8,0,0
BRDA:83,8,1,0
BRDA:97,9,0,4
BRDA:97,9,1,0
BRF:21
BRH:1
end_of_record
TN:
SF:/Users/Oyebola/Desktop/my-diary/server/routes/apiEndpoints.js
FN:10,(anonymous_1)
FNF:1
FNH:0
FNDA:0,(anonymous_1)
DA:1,1
DA:2,1
DA:5,1
DA:6,1
DA:10,1
DA:11,0
DA:15,1
DA:18,1
DA:21,1
LF:9
LH:8
BRF:0
BRH:0
end_of_record
TN:
SF:/Users/Oyebola/Desktop/my-diary/server/routes/authEndpoints.js
FNF:0
FNH:0
DA:1,1
DA:2,1
DA:6,1
DA:9,1
DA:12,1
LF:5
LH:5
BRF:0
BRH:0
end_of_record
TN:
SF:/Users/Oyebola/Desktop/my-diary/server/tests/test.js
FNF:0
FNH:0
DA:1,1
DA:5,1
LF:2
LH:2
BRF:0
BRH:0
end_of_record
TN:
SF:/Users/Oyebola/Desktop/my-diary/server/tests/testFile.js
FN:9,(anonymous_1)
FN:11,(anonymous_2)
FN:15,(anonymous_3)
FN:22,(anonymous_4)
FN:26,(anonymous_5)
FN:36,(anonymous_6)
FN:37,(anonymous_7)
FN:42,(anonymous_8)
FN:52,(anonymous_9)
FN:53,(anonymous_10)
FN:58,(anonymous_11)
FNF:11
FNH:11
FNDA:1,(anonymous_1)
FNDA:1,(anonymous_2)
FNDA:1,(anonymous_3)
FNDA:1,(anonymous_4)
FNDA:1,(anonymous_5)
FNDA:1,(anonymous_6)
FNDA:1,(anonymous_7)
FNDA:1,(anonymous_8)
FNDA:1,(anonymous_9)
FNDA:1,(anonymous_10)
FNDA:1,(anonymous_11)
DA:1,1
DA:3,1
DA:4,1
DA:5,1
DA:9,1
DA:11,1
DA:12,1
DA:16,1
DA:17,1
DA:18,1
DA:22,1
DA:23,1
DA:27,1
DA:28,1
DA:29,1
DA:36,1
DA:37,1
DA:38,1
DA:43,1
DA:44,1
DA:45,1
DA:52,1
DA:53,1
DA:54,1
DA:59,1
DA:60,1
DA:61,1
LF:27
LH:27
BRF:0
BRH:0
end_of_record
